{"C:\\Users\\emman\\Downloads\\checkout-technical-test-solution-pt2\\src\\index.tsx": {"path":"C:\\Users\\emman\\Downloads\\checkout-technical-test-solution-pt2\\src\\index.tsx","statementMap":{"0":{"start":{"line":6,"column":0},"end":{"line":11,"column":2}}},"fnMap":{},"branchMap":{},"s":{"0":0},"f":{},"b":{}}
,"C:\\Users\\emman\\Downloads\\checkout-technical-test-solution-pt2\\src\\components\\App\\App.tsx": {"path":"C:\\Users\\emman\\Downloads\\checkout-technical-test-solution-pt2\\src\\components\\App\\App.tsx","statementMap":{"0":{"start":{"line":13,"column":28},"end":{"line":13,"column":53}},"1":{"start":{"line":15,"column":19},"end":{"line":18,"column":3}},"2":{"start":{"line":16,"column":22},"end":{"line":16,"column":60}},"3":{"start":{"line":20,"column":27},"end":{"line":36,"column":3}},"4":{"start":{"line":21,"column":33},"end":{"line":21,"column":75}},"5":{"start":{"line":21,"column":51},"end":{"line":21,"column":74}},"6":{"start":{"line":23,"column":4},"end":{"line":35,"column":5}},"7":{"start":{"line":24,"column":6},"end":{"line":29,"column":7}},"8":{"start":{"line":26,"column":10},"end":{"line":28,"column":26}},"9":{"start":{"line":27,"column":12},"end":{"line":27,"column":76}},"10":{"start":{"line":31,"column":6},"end":{"line":34,"column":7}},"11":{"start":{"line":33,"column":10},"end":{"line":33,"column":68}},"12":{"start":{"line":38,"column":30},"end":{"line":42,"column":3}},"13":{"start":{"line":39,"column":25},"end":{"line":39,"column":69}},"14":{"start":{"line":39,"column":45},"end":{"line":39,"column":68}},"15":{"start":{"line":41,"column":4},"end":{"line":41,"column":26}},"16":{"start":{"line":44,"column":26},"end":{"line":60,"column":3}},"17":{"start":{"line":45,"column":33},"end":{"line":45,"column":75}},"18":{"start":{"line":45,"column":51},"end":{"line":45,"column":74}},"19":{"start":{"line":47,"column":4},"end":{"line":59,"column":5}},"20":{"start":{"line":48,"column":6},"end":{"line":58,"column":7}},"21":{"start":{"line":49,"column":29},"end":{"line":49,"column":73}},"22":{"start":{"line":49,"column":49},"end":{"line":49,"column":72}},"23":{"start":{"line":50,"column":8},"end":{"line":50,"column":30}},"24":{"start":{"line":52,"column":8},"end":{"line":57,"column":9}},"25":{"start":{"line":54,"column":12},"end":{"line":56,"column":28}},"26":{"start":{"line":55,"column":14},"end":{"line":55,"column":78}},"27":{"start":{"line":62,"column":2},"end":{"line":78,"column":3}}},"fnMap":{"0":{"name":"App","decl":{"start":{"line":12,"column":16},"end":{"line":12,"column":19}},"loc":{"start":{"line":12,"column":22},"end":{"line":79,"column":1}},"line":12},"1":{"name":"(anonymous_1)","decl":{"start":{"line":16,"column":4},"end":{"line":16,"column":5}},"loc":{"start":{"line":16,"column":22},"end":{"line":16,"column":60}},"line":16},"2":{"name":"(anonymous_2)","decl":{"start":{"line":20,"column":27},"end":{"line":20,"column":28}},"loc":{"start":{"line":20,"column":49},"end":{"line":36,"column":3}},"line":20},"3":{"name":"(anonymous_3)","decl":{"start":{"line":21,"column":44},"end":{"line":21,"column":45}},"loc":{"start":{"line":21,"column":51},"end":{"line":21,"column":74}},"line":21},"4":{"name":"(anonymous_4)","decl":{"start":{"line":25,"column":8},"end":{"line":25,"column":9}},"loc":{"start":{"line":26,"column":10},"end":{"line":28,"column":26}},"line":26},"5":{"name":"(anonymous_5)","decl":{"start":{"line":26,"column":24},"end":{"line":26,"column":25}},"loc":{"start":{"line":27,"column":12},"end":{"line":27,"column":76}},"line":27},"6":{"name":"(anonymous_6)","decl":{"start":{"line":32,"column":8},"end":{"line":32,"column":9}},"loc":{"start":{"line":33,"column":10},"end":{"line":33,"column":68}},"line":33},"7":{"name":"(anonymous_7)","decl":{"start":{"line":38,"column":30},"end":{"line":38,"column":31}},"loc":{"start":{"line":38,"column":52},"end":{"line":42,"column":3}},"line":38},"8":{"name":"(anonymous_8)","decl":{"start":{"line":39,"column":38},"end":{"line":39,"column":39}},"loc":{"start":{"line":39,"column":45},"end":{"line":39,"column":68}},"line":39},"9":{"name":"(anonymous_9)","decl":{"start":{"line":44,"column":26},"end":{"line":44,"column":27}},"loc":{"start":{"line":44,"column":48},"end":{"line":60,"column":3}},"line":44},"10":{"name":"(anonymous_10)","decl":{"start":{"line":45,"column":44},"end":{"line":45,"column":45}},"loc":{"start":{"line":45,"column":51},"end":{"line":45,"column":74}},"line":45},"11":{"name":"(anonymous_11)","decl":{"start":{"line":49,"column":42},"end":{"line":49,"column":43}},"loc":{"start":{"line":49,"column":49},"end":{"line":49,"column":72}},"line":49},"12":{"name":"(anonymous_12)","decl":{"start":{"line":53,"column":10},"end":{"line":53,"column":11}},"loc":{"start":{"line":54,"column":12},"end":{"line":56,"column":28}},"line":54},"13":{"name":"(anonymous_13)","decl":{"start":{"line":54,"column":26},"end":{"line":54,"column":27}},"loc":{"start":{"line":55,"column":14},"end":{"line":55,"column":78}},"line":55}},"branchMap":{"0":{"loc":{"start":{"line":23,"column":4},"end":{"line":35,"column":5}},"type":"if","locations":[{"start":{"line":23,"column":4},"end":{"line":35,"column":5}},{"start":{"line":30,"column":11},"end":{"line":35,"column":5}}],"line":23},"1":{"loc":{"start":{"line":27,"column":12},"end":{"line":27,"column":76}},"type":"cond-expr","locations":[{"start":{"line":27,"column":38},"end":{"line":27,"column":72}},{"start":{"line":27,"column":75},"end":{"line":27,"column":76}}],"line":27},"2":{"loc":{"start":{"line":47,"column":4},"end":{"line":59,"column":5}},"type":"if","locations":[{"start":{"line":47,"column":4},"end":{"line":59,"column":5}},{"start":{},"end":{}}],"line":47},"3":{"loc":{"start":{"line":48,"column":6},"end":{"line":58,"column":7}},"type":"if","locations":[{"start":{"line":48,"column":6},"end":{"line":58,"column":7}},{"start":{"line":51,"column":13},"end":{"line":58,"column":7}}],"line":48},"4":{"loc":{"start":{"line":55,"column":14},"end":{"line":55,"column":78}},"type":"cond-expr","locations":[{"start":{"line":55,"column":40},"end":{"line":55,"column":74}},{"start":{"line":55,"column":77},"end":{"line":55,"column":78}}],"line":55}},"s":{"0":1,"1":1,"2":0,"3":1,"4":0,"5":0,"6":0,"7":0,"8":0,"9":0,"10":0,"11":0,"12":1,"13":0,"14":0,"15":0,"16":1,"17":0,"18":0,"19":0,"20":0,"21":0,"22":0,"23":0,"24":0,"25":0,"26":0,"27":1},"f":{"0":1,"1":0,"2":0,"3":0,"4":0,"5":0,"6":0,"7":0,"8":0,"9":0,"10":0,"11":0,"12":0,"13":0},"b":{"0":[0,0],"1":[0,0],"2":[0,0],"3":[0,0],"4":[0,0]},"_coverageSchema":"1a1c01bbd47fc00a2c39e90264f33305004495a9","hash":"2c73e726fcfdce91f8c09b81e22a14f00016de9a"}
,"C:\\Users\\emman\\Downloads\\checkout-technical-test-solution-pt2\\src\\components\\Order\\Order.tsx": {"path":"C:\\Users\\emman\\Downloads\\checkout-technical-test-solution-pt2\\src\\components\\Order\\Order.tsx","statementMap":{"0":{"start":{"line":24,"column":31},"end":{"line":27,"column":3}},"1":{"start":{"line":25,"column":29},"end":{"line":25,"column":53}},"2":{"start":{"line":26,"column":4},"end":{"line":26,"column":35}},"3":{"start":{"line":29,"column":16},"end":{"line":29,"column":59}},"4":{"start":{"line":30,"column":19},"end":{"line":30,"column":60}},"5":{"start":{"line":30,"column":40},"end":{"line":30,"column":59}},"6":{"start":{"line":31,"column":19},"end":{"line":31,"column":42}},"7":{"start":{"line":32,"column":24},"end":{"line":32,"column":76}},"8":{"start":{"line":33,"column":21},"end":{"line":33,"column":42}},"9":{"start":{"line":35,"column":23},"end":{"line":35,"column":52}},"10":{"start":{"line":36,"column":27},"end":{"line":36,"column":43}},"11":{"start":{"line":38,"column":2},"end":{"line":79,"column":3}},"12":{"start":{"line":53,"column":8},"end":{"line":76,"column":14}},"13":{"start":{"line":58,"column":29},"end":{"line":58,"column":43}},"14":{"start":{"line":65,"column":63},"end":{"line":65,"column":78}},"15":{"start":{"line":71,"column":29},"end":{"line":71,"column":47}}},"fnMap":{"0":{"name":"Order","decl":{"start":{"line":17,"column":16},"end":{"line":17,"column":21}},"loc":{"start":{"line":23,"column":10},"end":{"line":80,"column":1}},"line":23},"1":{"name":"(anonymous_1)","decl":{"start":{"line":24,"column":31},"end":{"line":24,"column":32}},"loc":{"start":{"line":24,"column":68},"end":{"line":27,"column":3}},"line":24},"2":{"name":"(anonymous_2)","decl":{"start":{"line":30,"column":30},"end":{"line":30,"column":31}},"loc":{"start":{"line":30,"column":40},"end":{"line":30,"column":59}},"line":30},"3":{"name":"(anonymous_3)","decl":{"start":{"line":52,"column":17},"end":{"line":52,"column":18}},"loc":{"start":{"line":53,"column":8},"end":{"line":76,"column":14}},"line":53},"4":{"name":"(anonymous_4)","decl":{"start":{"line":58,"column":23},"end":{"line":58,"column":24}},"loc":{"start":{"line":58,"column":29},"end":{"line":58,"column":43}},"line":58},"5":{"name":"(anonymous_5)","decl":{"start":{"line":65,"column":57},"end":{"line":65,"column":58}},"loc":{"start":{"line":65,"column":63},"end":{"line":65,"column":78}},"line":65},"6":{"name":"(anonymous_6)","decl":{"start":{"line":71,"column":23},"end":{"line":71,"column":24}},"loc":{"start":{"line":71,"column":29},"end":{"line":71,"column":47}},"line":71}},"branchMap":{"0":{"loc":{"start":{"line":29,"column":16},"end":{"line":29,"column":59}},"type":"cond-expr","locations":[{"start":{"line":29,"column":34},"end":{"line":29,"column":48}},{"start":{"line":29,"column":51},"end":{"line":29,"column":59}}],"line":29},"1":{"loc":{"start":{"line":31,"column":19},"end":{"line":31,"column":42}},"type":"binary-expr","locations":[{"start":{"line":31,"column":19},"end":{"line":31,"column":37}},{"start":{"line":31,"column":41},"end":{"line":31,"column":42}}],"line":31},"2":{"loc":{"start":{"line":32,"column":55},"end":{"line":32,"column":75}},"type":"binary-expr","locations":[{"start":{"line":32,"column":55},"end":{"line":32,"column":70}},{"start":{"line":32,"column":74},"end":{"line":32,"column":75}}],"line":32},"3":{"loc":{"start":{"line":35,"column":24},"end":{"line":35,"column":47}},"type":"binary-expr","locations":[{"start":{"line":35,"column":24},"end":{"line":35,"column":42}},{"start":{"line":35,"column":46},"end":{"line":35,"column":47}}],"line":35},"4":{"loc":{"start":{"line":46,"column":7},"end":{"line":50,"column":7}},"type":"binary-expr","locations":[{"start":{"line":46,"column":8},"end":{"line":46,"column":20}},{"start":{"line":46,"column":24},"end":{"line":46,"column":40}},{"start":{"line":47,"column":8},"end":{"line":49,"column":12}}],"line":46}},"s":{"0":6,"1":6,"2":6,"3":6,"4":6,"5":5,"6":6,"7":6,"8":6,"9":6,"10":6,"11":6,"12":5,"13":1,"14":2,"15":1},"f":{"0":6,"1":6,"2":5,"3":5,"4":1,"5":2,"6":1},"b":{"0":[0,6],"1":[6,6],"2":[6,6],"3":[6,6],"4":[6,6,0]},"_coverageSchema":"1a1c01bbd47fc00a2c39e90264f33305004495a9","hash":"11bcdce3d2e1b59be6d70e6e8bd1ef6d21d57246"}
,"C:\\Users\\emman\\Downloads\\checkout-technical-test-solution-pt2\\src\\components\\Product\\ProductItem.tsx": {"path":"C:\\Users\\emman\\Downloads\\checkout-technical-test-solution-pt2\\src\\components\\Product\\ProductItem.tsx","statementMap":{"0":{"start":{"line":10,"column":2},"end":{"line":19,"column":3}},"1":{"start":{"line":14,"column":21},"end":{"line":14,"column":42}}},"fnMap":{"0":{"name":"ProductItem","decl":{"start":{"line":9,"column":16},"end":{"line":9,"column":27}},"loc":{"start":{"line":9,"column":62},"end":{"line":20,"column":1}},"line":9},"1":{"name":"(anonymous_1)","decl":{"start":{"line":14,"column":15},"end":{"line":14,"column":16}},"loc":{"start":{"line":14,"column":21},"end":{"line":14,"column":42}},"line":14}},"branchMap":{},"s":{"0":5,"1":1},"f":{"0":5,"1":1},"b":{},"_coverageSchema":"1a1c01bbd47fc00a2c39e90264f33305004495a9","hash":"012c34e17006eecca5a039df4459cf0ccf09808a"}
,"C:\\Users\\emman\\Downloads\\checkout-technical-test-solution-pt2\\src\\components\\ProductList\\ProductList.tsx": {"path":"C:\\Users\\emman\\Downloads\\checkout-technical-test-solution-pt2\\src\\components\\ProductList\\ProductList.tsx","statementMap":{"0":{"start":{"line":11,"column":2},"end":{"line":18,"column":3}},"1":{"start":{"line":15,"column":8},"end":{"line":15,"column":76}}},"fnMap":{"0":{"name":"ProductList","decl":{"start":{"line":10,"column":16},"end":{"line":10,"column":27}},"loc":{"start":{"line":10,"column":63},"end":{"line":19,"column":1}},"line":10},"1":{"name":"(anonymous_1)","decl":{"start":{"line":14,"column":20},"end":{"line":14,"column":21}},"loc":{"start":{"line":15,"column":8},"end":{"line":15,"column":76}},"line":15}},"branchMap":{},"s":{"0":1,"1":3},"f":{"0":1,"1":3},"b":{},"_coverageSchema":"1a1c01bbd47fc00a2c39e90264f33305004495a9","hash":"7142f5a19897517c011d7e405dc178ec5894adf6"}
,"C:\\Users\\emman\\Downloads\\checkout-technical-test-solution-pt2\\src\\config\\products.ts": {"path":"C:\\Users\\emman\\Downloads\\checkout-technical-test-solution-pt2\\src\\config\\products.ts","statementMap":{"0":{"start":{"line":3,"column":27},"end":{"line":7,"column":1}}},"fnMap":{},"branchMap":{},"s":{"0":1},"f":{},"b":{},"_coverageSchema":"1a1c01bbd47fc00a2c39e90264f33305004495a9","hash":"e4effbcb3dde9f4102efdf10e0a09f9a7a90e3b4"}
,"C:\\Users\\emman\\Downloads\\checkout-technical-test-solution-pt2\\src\\models\\Product.ts": {"path":"C:\\Users\\emman\\Downloads\\checkout-technical-test-solution-pt2\\src\\models\\Product.ts","statementMap":{"0":{"start":{"line":12,"column":4},"end":{"line":12,"column":21}},"1":{"start":{"line":13,"column":4},"end":{"line":13,"column":21}},"2":{"start":{"line":14,"column":4},"end":{"line":14,"column":23}},"3":{"start":{"line":18,"column":4},"end":{"line":18,"column":41}}},"fnMap":{"0":{"name":"(anonymous_0)","decl":{"start":{"line":11,"column":2},"end":{"line":11,"column":3}},"loc":{"start":{"line":11,"column":57},"end":{"line":15,"column":3}},"line":11},"1":{"name":"(anonymous_1)","decl":{"start":{"line":17,"column":2},"end":{"line":17,"column":3}},"loc":{"start":{"line":17,"column":22},"end":{"line":19,"column":3}},"line":17}},"branchMap":{},"s":{"0":6,"1":6,"2":6,"3":5},"f":{"0":6,"1":5},"b":{},"_coverageSchema":"1a1c01bbd47fc00a2c39e90264f33305004495a9","hash":"abe0f9e562ed52b21bb9d4dbca2fdc2723c955f8"}
}
