TN:
SF:src\index.tsx
FNF:0
FNH:0
DA:6,0
LF:1
LH:0
BRF:0
BRH:0
end_of_record
TN:
SF:src\components\App\App.tsx
FN:12,App
FN:16,(anonymous_1)
FN:20,(anonymous_2)
FN:21,(anonymous_3)
FN:25,(anonymous_4)
FN:26,(anonymous_5)
FN:32,(anonymous_6)
FN:38,(anonymous_7)
FN:39,(anonymous_8)
FN:44,(anonymous_9)
FN:45,(anonymous_10)
FN:49,(anonymous_11)
FN:53,(anonymous_12)
FN:54,(anonymous_13)
FNF:14
FNH:1
FNDA:1,App
FNDA:0,(anonymous_1)
FNDA:0,(anonymous_2)
FNDA:0,(anonymous_3)
FNDA:0,(anonymous_4)
FNDA:0,(anonymous_5)
FNDA:0,(anonymous_6)
FNDA:0,(anonymous_7)
FNDA:0,(anonymous_8)
FNDA:0,(anonymous_9)
FNDA:0,(anonymous_10)
FNDA:0,(anonymous_11)
FNDA:0,(anonymous_12)
FNDA:0,(anonymous_13)
DA:13,1
DA:15,1
DA:16,0
DA:20,1
DA:21,0
DA:23,0
DA:24,0
DA:26,0
DA:27,0
DA:31,0
DA:33,0
DA:38,1
DA:39,0
DA:41,0
DA:44,1
DA:45,0
DA:47,0
DA:48,0
DA:49,0
DA:50,0
DA:52,0
DA:54,0
DA:55,0
DA:62,1
LF:24
LH:6
BRDA:23,0,0,0
BRDA:23,0,1,0
BRDA:27,1,0,0
BRDA:27,1,1,0
BRDA:47,2,0,0
BRDA:47,2,1,0
BRDA:48,3,0,0
BRDA:48,3,1,0
BRDA:55,4,0,0
BRDA:55,4,1,0
BRF:10
BRH:0
end_of_record
TN:
SF:src\components\Order\Order.tsx
FN:17,Order
FN:24,(anonymous_1)
FN:30,(anonymous_2)
FN:52,(anonymous_3)
FN:58,(anonymous_4)
FN:65,(anonymous_5)
FN:71,(anonymous_6)
FNF:7
FNH:7
FNDA:6,Order
FNDA:6,(anonymous_1)
FNDA:5,(anonymous_2)
FNDA:5,(anonymous_3)
FNDA:1,(anonymous_4)
FNDA:2,(anonymous_5)
FNDA:1,(anonymous_6)
DA:24,6
DA:25,6
DA:26,6
DA:29,6
DA:30,6
DA:31,6
DA:32,6
DA:33,6
DA:35,6
DA:36,6
DA:38,6
DA:53,5
DA:58,1
DA:65,2
DA:71,1
LF:15
LH:15
BRDA:29,0,0,0
BRDA:29,0,1,6
BRDA:31,1,0,6
BRDA:31,1,1,6
BRDA:32,2,0,6
BRDA:32,2,1,6
BRDA:35,3,0,6
BRDA:35,3,1,6
BRDA:46,4,0,6
BRDA:46,4,1,6
BRDA:46,4,2,0
BRF:11
BRH:9
end_of_record
TN:
SF:src\components\Product\ProductItem.tsx
FN:9,ProductItem
FN:14,(anonymous_1)
FNF:2
FNH:2
FNDA:5,ProductItem
FNDA:1,(anonymous_1)
DA:10,5
DA:14,1
LF:2
LH:2
BRF:0
BRH:0
end_of_record
TN:
SF:src\components\ProductList\ProductList.tsx
FN:10,ProductList
FN:14,(anonymous_1)
FNF:2
FNH:2
FNDA:1,ProductList
FNDA:3,(anonymous_1)
DA:11,1
DA:15,3
LF:2
LH:2
BRF:0
BRH:0
end_of_record
TN:
SF:src\config\products.ts
FNF:0
FNH:0
DA:3,1
LF:1
LH:1
BRF:0
BRH:0
end_of_record
TN:
SF:src\models\Product.ts
FN:11,(anonymous_0)
FN:17,(anonymous_1)
FNF:2
FNH:2
FNDA:6,(anonymous_0)
FNDA:5,(anonymous_1)
DA:12,6
DA:13,6
DA:14,6
DA:18,5
LF:4
LH:4
BRF:0
BRH:0
end_of_record
