TN:
SF:src\index.tsx
FNF:0
FNH:0
DA:6,0
LF:1
LH:0
BRF:0
BRH:0
end_of_record
TN:
SF:src\components\App\App.tsx
FN:12,App
FN:16,(anonymous_1)
FN:20,(anonymous_2)
FN:21,(anonymous_3)
FN:25,(anonymous_4)
FN:26,(anonymous_5)
FN:32,(anonymous_6)
FN:38,(anonymous_7)
FN:39,(anonymous_8)
FN:44,(anonymous_9)
FN:45,(anonymous_10)
FN:49,(anonymous_11)
FN:53,(anonymous_12)
FN:54,(anonymous_13)
FNF:14
FNH:14
FNDA:16,App
FNDA:8,(anonymous_1)
FNDA:7,(anonymous_2)
FNDA:2,(anonymous_3)
FNDA:2,(anonymous_4)
FNDA:2,(anonymous_5)
FNDA:5,(anonymous_6)
FNDA:1,(anonymous_7)
FNDA:1,(anonymous_8)
FNDA:2,(anonymous_9)
FNDA:2,(anonymous_10)
FNDA:1,(anonymous_11)
FNDA:1,(anonymous_12)
FNDA:1,(anonymous_13)
DA:13,16
DA:15,16
DA:16,8
DA:20,16
DA:21,7
DA:23,7
DA:24,2
DA:26,2
DA:27,2
DA:31,5
DA:33,5
DA:38,16
DA:39,1
DA:41,1
DA:44,16
DA:45,2
DA:47,2
DA:48,2
DA:49,1
DA:50,1
DA:52,1
DA:54,1
DA:55,1
DA:62,16
LF:24
LH:24
BRDA:23,0,0,2
BRDA:23,0,1,5
BRDA:27,1,0,2
BRDA:27,1,1,0
BRDA:47,2,0,2
BRDA:47,2,1,0
BRDA:48,3,0,1
BRDA:48,3,1,1
BRDA:55,4,0,1
BRDA:55,4,1,0
BRF:10
BRH:7
end_of_record
TN:
SF:src\components\Order\Order.tsx
FN:17,Order
FN:24,(anonymous_1)
FN:30,(anonymous_2)
FN:52,(anonymous_3)
FN:58,(anonymous_4)
FN:65,(anonymous_5)
FN:71,(anonymous_6)
FNF:7
FNH:7
FNDA:25,Order
FNDA:25,(anonymous_1)
FNDA:25,(anonymous_2)
FNDA:25,(anonymous_3)
FNDA:3,(anonymous_4)
FNDA:4,(anonymous_5)
FNDA:2,(anonymous_6)
DA:24,25
DA:25,25
DA:26,25
DA:29,25
DA:30,25
DA:31,25
DA:32,25
DA:33,25
DA:35,25
DA:36,25
DA:38,25
DA:53,25
DA:58,3
DA:65,4
DA:71,2
LF:15
LH:15
BRDA:29,0,0,8
BRDA:29,0,1,17
BRDA:31,1,0,25
BRDA:31,1,1,17
BRDA:32,2,0,25
BRDA:32,2,1,17
BRDA:35,3,0,25
BRDA:35,3,1,17
BRDA:46,4,0,25
BRDA:46,4,1,17
BRDA:46,4,2,8
BRF:11
BRH:11
end_of_record
TN:
SF:src\components\Product\ProductItem.tsx
FN:9,ProductItem
FN:14,(anonymous_1)
FNF:2
FNH:2
FNDA:50,ProductItem
FNDA:6,(anonymous_1)
DA:10,50
DA:14,6
LF:2
LH:2
BRF:0
BRH:0
end_of_record
TN:
SF:src\components\ProductList\ProductList.tsx
FN:10,ProductList
FN:14,(anonymous_1)
FNF:2
FNH:2
FNDA:16,ProductList
FNDA:48,(anonymous_1)
DA:11,16
DA:15,48
LF:2
LH:2
BRF:0
BRH:0
end_of_record
TN:
SF:src\config\products.ts
FNF:0
FNH:0
DA:3,1
LF:1
LH:1
BRF:0
BRH:0
end_of_record
TN:
SF:src\models\Product.ts
FN:11,(anonymous_0)
FN:17,(anonymous_1)
FNF:2
FNH:2
FNDA:6,(anonymous_0)
FNDA:50,(anonymous_1)
DA:12,6
DA:13,6
DA:14,6
DA:18,50
LF:4
LH:4
BRF:0
BRH:0
end_of_record
